{"D:\\skilvul\\tech-for-impact\\materi-FE\\13-testing\\01-testing-jest\\app.js": {"path":"D:\\skilvul\\tech-for-impact\\materi-FE\\13-testing\\01-testing-jest\\app.js","statementMap":{"0":{"start":{"line":7,"column":12},"end":{"line":7,"column":27}},"1":{"start":{"line":7,"column":22},"end":{"line":7,"column":27}},"2":{"start":{"line":9,"column":16},"end":{"line":12,"column":1}},"3":{"start":{"line":10,"column":2},"end":{"line":10,"column":33}},"4":{"start":{"line":10,"column":18},"end":{"line":10,"column":33}},"5":{"start":{"line":11,"column":2},"end":{"line":11,"column":16}},"6":{"start":{"line":14,"column":14},"end":{"line":16,"column":1}},"7":{"start":{"line":15,"column":2},"end":{"line":15,"column":29}},"8":{"start":{"line":15,"column":18},"end":{"line":15,"column":29}},"9":{"start":{"line":18,"column":0},"end":{"line":18,"column":38}}},"fnMap":{"0":{"name":"(anonymous_0)","decl":{"start":{"line":7,"column":12},"end":{"line":7,"column":13}},"loc":{"start":{"line":7,"column":22},"end":{"line":7,"column":27}},"line":7},"1":{"name":"(anonymous_1)","decl":{"start":{"line":9,"column":16},"end":{"line":9,"column":17}},"loc":{"start":{"line":9,"column":23},"end":{"line":12,"column":1}},"line":9},"2":{"name":"(anonymous_2)","decl":{"start":{"line":14,"column":14},"end":{"line":14,"column":15}},"loc":{"start":{"line":14,"column":21},"end":{"line":16,"column":1}},"line":14}},"branchMap":{"0":{"loc":{"start":{"line":10,"column":2},"end":{"line":10,"column":33}},"type":"if","locations":[{"start":{"line":10,"column":2},"end":{"line":10,"column":33}},{"start":{},"end":{}}],"line":10},"1":{"loc":{"start":{"line":15,"column":2},"end":{"line":15,"column":29}},"type":"if","locations":[{"start":{"line":15,"column":2},"end":{"line":15,"column":29}},{"start":{},"end":{}}],"line":15}},"s":{"0":1,"1":4,"2":1,"3":2,"4":2,"5":0,"6":1,"7":3,"8":2,"9":1},"f":{"0":4,"1":2,"2":3},"b":{"0":[2,0],"1":[2,1]},"_coverageSchema":"1a1c01bbd47fc00a2c39e90264f33305004495a9","hash":"b47358086f16f44bbacaf6cf679298a5528cd288"}
}
